<?xml version="1.0" encoding="UTF-8"?>
<testsuite xmlns:xsi="http://www.w3.org/2001/XMLSchema-instance" xsi:noNamespaceSchemaLocation="https://maven.apache.org/surefire/maven-surefire-plugin/xsd/surefire-test-report-3.0.xsd" version="3.0" name="com.example.LRU.LruApplicationTests" time="3.851" tests="1" errors="0" skipped="0" failures="0">
  <properties>
[...]
</properties>
  <testcase name="contextLoads" classname="com.example.LRU.LruApplicationTests" time="1.207">
    <system-out><![CDATA[23:15:23.600 [main] INFO org.springframework.test.context.support.AnnotationConfigContextLoaderUtils -- Could not detect default configuration classes for test class [com.example.LRU.LruApplicationTests]: LruApplicationTests does not declare any static, non-private, non-final, nested classes annotated with @Configuration.
23:15:23.761 [main] INFO org.springframework.boot.test.context.SpringBootTestContextBootstrapper -- Found @SpringBootConfiguration com.example.LRU.LruApplication for test class com.example.LRU.LruApplicationTests

  .   ____          _            __ _ _
 /\\ / ___'_ __ _ _(_)_ __  __ _ \ \ \ \
( ( )\___ | '_ | '_| | '_ \/ _` | \ \ \ \
 \\/  ___)| |_)| | | | | || (_| |  ) ) ) )
  '  |____| .__|_| |_|_| |_\__, | / / / /
 =========|_|==============|___/=/_/_/_/
 :: Spring Boot ::      (v3.1.11-SNAPSHOT)

2024-03-26T23:15:24.341+05:30  INFO 19140 --- [           main] com.example.LRU.LruApplicationTests      : Starting LruApplicationTests using Java 17.0.10 with PID 19140 (started by Himanshu.jain1 in C:\Users\himanshu.jain1\Documents\Learning\LRU)
2024-03-26T23:15:24.344+05:30  INFO 19140 --- [           main] com.example.LRU.LruApplicationTests      : No active profile set, falling back to 1 default profile: "default"
2024-03-26T23:15:25.966+05:30  INFO 19140 --- [           main] com.example.LRU.LruApplicationTests      : Started LruApplicationTests in 1.975 seconds (process running for 3.69)
]]></system-out>
  </testcase>
</testsuite>